2026-03-10T10:20:49.020Z - INFO - Server started on port 3001
2026-03-10T10:21:14.527Z - INFO - Root endpoint accessed
2026-03-10T10:21:26.789Z - INFO - Users API accessed
2026-03-10T10:29:39.181Z - WARN - DELETE https://downright-fork.org image
2026-03-10T10:29:40.180Z - INFO - GET https://grumpy-reorganisation.com video
2026-03-10T10:29:42.182Z - ERROR - GET https://joyful-king.net/ text
2026-03-10T10:29:44.184Z - INFO - PATCH https://cavernous-reorganisation.name image
2026-03-10T10:29:47.188Z - INFO - POST https://fuzzy-distinction.info video
2026-03-10T10:29:48.189Z - ERROR - POST https://radiant-republican.name image
2026-03-10T10:29:50.193Z - ERROR - PATCH https://failing-median.info/ video
2026-03-10T10:29:51.193Z - ERROR - PATCH https://low-adviser.info image
2026-03-10T10:29:54.198Z - ERROR - POST https://regal-nucleotidase.com audio
2026-03-10T10:29:55.200Z - ERROR - POST https://humiliating-tapioca.info text
2026-03-10T10:29:56.201Z - ERROR - PATCH https://pretty-swing.net/ image
2026-03-10T10:29:57.203Z - INFO - DELETE https://unhealthy-importance.name/ image
2026-03-10T10:29:58.204Z - WARN - PUT https://milky-millet.biz image
2026-03-10T10:29:59.206Z - WARN - DELETE https://grubby-bog.net audio
2026-03-10T10:30:00.207Z - WARN - DELETE https://miserable-tusk.net video
2026-03-10T10:30:01.208Z - WARN - POST https://shrill-graffiti.biz audio
2026-03-10T10:30:03.213Z - ERROR - PATCH https://worthless-numeric.org/ application
2026-03-10T10:30:04.214Z - ERROR - POST https://hefty-freckle.biz audio
2026-03-10T10:30:06.217Z - ERROR - PATCH https://same-director.org video
2026-03-10T10:30:07.218Z - INFO - DELETE https://brave-tail.biz text
2026-03-10T10:30:08.219Z - INFO - PATCH https://stunning-jellyfish.org/ image
2026-03-10T10:30:09.220Z - INFO - DELETE https://subdued-sideboard.name/ video
2026-03-10T10:30:10.222Z - INFO - POST https://nimble-sock.biz video
2026-03-10T10:30:12.224Z - INFO - DELETE https://glossy-cemetery.com text
2026-03-10T10:30:13.226Z - ERROR - GET https://careless-pliers.biz/ video
2026-03-10T10:30:15.229Z - WARN - PATCH https://male-puritan.org audio
2026-03-10T10:30:16.231Z - WARN - DELETE https://oblong-ad.name/ audio
2026-03-10T10:30:17.233Z - ERROR - PATCH https://zealous-grass.net/ audio
2026-03-10T10:30:18.234Z - INFO - PUT https://crooked-hyphenation.org video
2026-03-10T10:30:19.236Z - ERROR - PATCH https://flowery-vol.name audio
2026-03-10T10:30:20.237Z - INFO - POST https://remarkable-hoof.org/ text
2026-03-10T10:30:21.238Z - INFO - PUT https://flawed-inspection.name image
2026-03-10T10:30:22.239Z - ERROR - DELETE https://tough-council.com image
2026-03-10T10:30:23.240Z - INFO - PUT https://muted-dream.com/ video
2026-03-10T10:30:24.241Z - INFO - POST https://edible-soybean.org text
2026-03-10T10:30:25.243Z - WARN - POST https://surprised-handle.com/ video
2026-03-10T10:30:27.245Z - ERROR - POST https://enchanting-amendment.com text
2026-03-10T10:30:28.246Z - WARN - PUT https://insistent-makeover.info image
2026-03-10T10:30:29.247Z - ERROR - GET https://sunny-drive.org/ image
2026-03-10T10:30:33.251Z - ERROR - DELETE https://burdensome-decongestant.info image
2026-03-10T10:30:35.254Z - INFO - GET https://innocent-swordfish.org/ image
2026-03-10T10:30:36.255Z - INFO - DELETE https://crushing-disappointment.net video
2026-03-10T10:30:37.256Z - WARN - GET https://defenseless-chapel.info video
2026-03-10T10:30:38.258Z - WARN - GET https://mealy-heating.name video
2026-03-10T10:30:39.259Z - INFO - GET https://straight-marten.net/ application
2026-03-10T10:30:40.260Z - WARN - DELETE https://trained-dish.info image
2026-03-10T10:30:41.261Z - INFO - DELETE https://incomparable-character.com/ video
2026-03-10T10:30:42.262Z - WARN - POST https://jaunty-nudge.net application
2026-03-10T10:30:43.264Z - ERROR - PUT https://glittering-babushka.info video
2026-03-10T10:30:44.265Z - ERROR - POST https://focused-help.com audio
2026-03-10T10:30:45.266Z - INFO - DELETE https://crooked-papa.net video
2026-03-10T10:30:46.268Z - INFO - DELETE https://whirlwind-gripper.biz/ audio
2026-03-10T10:30:47.269Z - WARN - DELETE https://boiling-certification.net/ video
2026-03-10T10:30:49.272Z - WARN - POST https://natural-markup.net/ video
2026-03-10T10:30:51.273Z - WARN - DELETE https://plump-sprinkles.name/ audio
2026-03-10T10:30:52.274Z - WARN - PUT https://concerned-remark.name/ image
2026-03-10T10:30:55.277Z - ERROR - PUT https://vague-injunction.org text
2026-03-10T10:30:57.280Z - INFO - PUT https://wonderful-pear.name/ application
2026-03-10T10:30:58.281Z - WARN - POST https://mild-offset.biz text
2026-03-10T10:30:59.282Z - ERROR - DELETE https://grounded-habit.info image
2026-03-10T10:31:00.283Z - ERROR - POST https://similar-poppy.info image
2026-03-10T10:31:01.284Z - ERROR - GET https://superficial-noon.com video
2026-03-10T10:31:02.284Z - WARN - PUT https://unsightly-vision.com/ image
2026-03-10T10:31:03.286Z - ERROR - DELETE https://dramatic-chiffonier.biz/ text
2026-03-10T10:31:05.288Z - INFO - DELETE https://prime-ethyl.net/ audio
2026-03-10T10:31:07.290Z - ERROR - GET https://immense-arcade.name/ text
2026-03-10T10:31:08.291Z - INFO - DELETE https://foolish-heartache.net application
2026-03-10T10:31:09.292Z - INFO - GET https://extroverted-coast.name text
2026-03-10T10:31:10.293Z - INFO - PUT https://glass-finding.net/ text
2026-03-10T10:31:12.295Z - ERROR - POST https://insidious-cope.org video
2026-03-10T10:31:13.296Z - ERROR - DELETE https://frank-airport.info/ video
2026-03-10T10:31:14.297Z - WARN - DELETE https://proper-daughter.com video
2026-03-10T10:31:15.298Z - WARN - POST https://fond-polarisation.info/ image
2026-03-10T10:31:16.299Z - WARN - GET https://sure-footed-pomelo.name/ image
2026-03-10T10:31:18.301Z - ERROR - DELETE https://rapid-hornet.name application
2026-03-10T10:31:19.302Z - INFO - PATCH https://insidious-tapioca.name/ application
2026-03-10T10:31:23.307Z - WARN - GET https://descriptive-bar.com/ text
2026-03-10T10:31:24.308Z - WARN - DELETE https://scratchy-subsidy.org audio
2026-03-10T10:31:25.309Z - ERROR - DELETE https://specific-pants.info video
2026-03-10T10:31:26.309Z - ERROR - PUT https://well-to-do-spirit.com image
2026-03-10T10:31:27.310Z - INFO - PUT https://broken-polarisation.info/ text
2026-03-10T10:31:28.311Z - ERROR - PUT https://optimal-valuable.com video
2026-03-10T10:31:29.312Z - ERROR - POST https://somber-gerbil.biz/ video
2026-03-10T10:31:31.314Z - WARN - PUT https://outstanding-summer.biz/ application
2026-03-10T10:31:34.319Z - WARN - DELETE https://watery-agreement.biz/ video
2026-03-10T10:31:35.321Z - WARN - PUT https://uncomfortable-premise.org audio
2026-03-10T10:31:36.322Z - WARN - PATCH https://expert-release.name application
2026-03-10T10:31:37.323Z - ERROR - DELETE https://average-march.org/ audio
2026-03-10T10:31:38.324Z - ERROR - GET https://fussy-creator.org video
2026-03-10T10:31:39.326Z - INFO - GET https://pitiful-pacemaker.com application
2026-03-10T10:31:42.331Z - WARN - DELETE https://menacing-bonnet.com video
2026-03-10T10:31:43.332Z - ERROR - DELETE https://uniform-obligation.name/ text
2026-03-10T10:31:45.334Z - ERROR - GET https://ultimate-aftermath.name/ audio
2026-03-10T10:31:47.337Z - INFO - POST https://official-carnival.net audio
2026-03-10T10:31:50.340Z - INFO - PATCH https://artistic-receptor.net/ audio
2026-03-10T10:31:51.341Z - WARN - POST https://classic-bidet.biz/ application
2026-03-10T10:31:52.342Z - ERROR - DELETE https://stale-giggle.biz/ video
2026-03-10T10:31:54.345Z - INFO - PUT https://unwritten-baritone.biz/ audio
2026-03-10T10:31:57.348Z - INFO - PUT https://well-groomed-milestone.net text
2026-03-10T10:31:58.350Z - ERROR - POST https://unfortunate-comparison.com/ video
2026-03-10T10:31:59.351Z - ERROR - PUT https://average-fort.biz/ audio
2026-03-10T10:32:00.353Z - WARN - POST https://awful-subexpression.info/ image
2026-03-10T10:32:02.355Z - ERROR - DELETE https://unique-arcade.com video
2026-03-10T10:32:03.356Z - INFO - POST https://dark-habit.net image
2026-03-10T10:32:04.357Z - ERROR - PUT https://necessary-grandson.com/ image
2026-03-10T10:32:06.359Z - WARN - PATCH https://elementary-order.info/ audio
2026-03-10T10:32:07.361Z - WARN - DELETE https://natural-horde.info audio
2026-03-10T10:32:08.362Z - ERROR - PATCH https://insignificant-lobster.name video
2026-03-10T10:32:09.363Z - INFO - PATCH https://partial-dish.net image
2026-03-10T10:32:12.366Z - WARN - PATCH https://scientific-deer.net image
2026-03-10T10:32:13.367Z - INFO - POST https://ignorant-order.com audio
2026-03-10T10:32:14.368Z - INFO - DELETE https://fortunate-tuber.net image
2026-03-10T10:32:15.369Z - WARN - GET https://worse-bench.info/ video
2026-03-10T10:32:17.371Z - WARN - POST https://frozen-hepatitis.org application
2026-03-10T10:32:19.373Z - WARN - POST https://tragic-story.com image
2026-03-10T10:32:20.375Z - ERROR - PATCH https://selfish-yarmulke.name video
2026-03-10T10:32:21.375Z - WARN - PUT https://trained-circumference.biz/ application
2026-03-10T10:32:22.376Z - INFO - GET https://same-hope.org text
2026-03-10T10:32:24.380Z - ERROR - POST https://well-to-do-knitting.org/ image
2026-03-10T10:32:25.381Z - INFO - PUT https://normal-lender.com/ image
2026-03-10T10:32:26.382Z - ERROR - DELETE https://buttery-angle.name image
2026-03-10T10:32:27.383Z - ERROR - GET https://aged-alert.com/ image
2026-03-10T10:32:29.384Z - INFO - PUT https://variable-forage.biz/ audio
2026-03-10T10:32:30.385Z - ERROR - PUT https://rotating-wafer.biz/ text
2026-03-10T10:32:31.386Z - WARN - POST https://prudent-wear.org/ image
2026-03-10T10:32:32.387Z - ERROR - PUT https://concerned-supplier.net application
2026-03-10T10:32:34.389Z - INFO - POST https://international-translation.net/ audio
2026-03-10T10:32:35.390Z - WARN - GET https://yellowish-venom.name application
2026-03-10T10:32:36.391Z - WARN - GET https://untried-complication.name image
2026-03-10T10:32:38.394Z - INFO - DELETE https://ruddy-veto.info/ application
2026-03-10T10:32:39.394Z - INFO - GET https://alive-millet.org application
2026-03-10T10:32:40.395Z - ERROR - GET https://jubilant-schedule.net/ image
2026-03-10T10:32:41.396Z - WARN - PUT https://flickering-commodity.biz video
2026-03-10T10:32:42.397Z - ERROR - POST https://sticky-soybean.org application
2026-03-10T10:32:43.398Z - ERROR - GET https://serene-vestment.info audio
2026-03-10T10:32:45.400Z - INFO - POST https://minty-mantua.org/ application
2026-03-10T10:32:46.402Z - INFO - POST https://sleepy-mythology.com image
2026-03-10T10:32:48.404Z - WARN - PATCH https://tangible-reservation.net application
2026-03-10T10:32:49.405Z - INFO - DELETE https://uneven-gastropod.biz/ audio
2026-03-10T10:32:51.407Z - ERROR - GET https://parched-perfection.com/ text
2026-03-10T10:32:52.409Z - INFO - PUT https://pleasing-bowler.biz audio
2026-03-10T10:32:53.410Z - ERROR - PATCH https://snarling-plugin.net text
2026-03-10T10:32:54.411Z - ERROR - PUT https://perfumed-dish.biz/ audio
2026-03-10T10:32:55.413Z - INFO - PATCH https://extroverted-sock.org application
2026-03-10T10:32:56.414Z - INFO - GET https://scented-adaptation.biz video
2026-03-10T10:32:57.415Z - INFO - DELETE https://baggy-marketplace.org text
2026-03-10T10:32:58.416Z - ERROR - POST https://immense-finger.biz/ application
2026-03-10T10:32:59.417Z - ERROR - GET https://tragic-birdbath.biz text
2026-03-10T10:33:00.418Z - ERROR - DELETE https://murky-siege.com audio
2026-03-10T10:33:02.421Z - WARN - GET https://limping-kiss.org/ video
2026-03-10T10:33:04.423Z - INFO - POST https://splendid-tectonics.net image
2026-03-10T10:33:05.424Z - WARN - DELETE https://unimportant-caption.biz application
2026-03-10T10:33:06.425Z - INFO - POST https://defensive-exhaust.info text
2026-03-10T10:33:07.426Z - WARN - PATCH https://frizzy-parade.net/ text
2026-03-10T10:33:08.427Z - INFO - PATCH https://gaseous-provider.info/ text
2026-03-10T10:33:09.428Z - ERROR - PATCH https://sorrowful-armoire.net/ text
2026-03-10T10:33:10.429Z - WARN - DELETE https://descriptive-laughter.name/ video
2026-03-10T10:33:11.430Z - ERROR - DELETE https://elderly-ocelot.org/ video
2026-03-10T10:33:12.431Z - WARN - PATCH https://cavernous-printer.info text
2026-03-10T10:33:13.433Z - ERROR - PATCH https://distinct-hubris.net/ audio
2026-03-10T10:33:14.434Z - INFO - POST https://elastic-surface.name/ text
2026-03-10T10:33:15.435Z - ERROR - GET https://wrathful-handful.org/ image
2026-03-10T10:33:17.437Z - ERROR - PATCH https://rotating-ruin.org/ text
2026-03-10T10:33:18.438Z - ERROR - DELETE https://tidy-coliseum.com/ video
2026-03-10T10:33:19.440Z - ERROR - DELETE https://excellent-underpants.biz image
2026-03-10T10:33:20.440Z - INFO - GET https://secondary-wafer.net/ audio
2026-03-10T10:33:21.441Z - INFO - DELETE https://unconscious-label.net text
2026-03-10T10:33:22.442Z - INFO - DELETE https://minor-executor.com video
2026-03-10T10:33:23.444Z - ERROR - DELETE https://rigid-ethyl.info audio
2026-03-10T10:33:24.445Z - INFO - PUT https://blond-lamp.org/ application
2026-03-10T10:33:25.446Z - WARN - POST https://sentimental-substitution.name/ audio
2026-03-10T10:33:26.447Z - WARN - PATCH https://hopeful-window.com text
2026-03-10T10:33:27.448Z - WARN - PUT https://wicked-widow.name application
2026-03-10T10:33:28.449Z - INFO - DELETE https://fluffy-league.com/ text
2026-03-10T10:33:29.451Z - ERROR - POST https://lively-bench.org image
2026-03-10T10:33:30.452Z - INFO - PATCH https://handsome-chasuble.info/ text
2026-03-10T10:33:31.453Z - WARN - POST https://oval-bourgeoisie.name audio
2026-03-10T10:33:34.456Z - ERROR - PATCH https://blaring-injunction.net video
2026-03-10T10:33:35.457Z - WARN - DELETE https://mature-lender.com/ application
2026-03-10T10:33:36.458Z - ERROR - PUT https://forceful-instructor.org video
2026-03-10T10:33:37.459Z - ERROR - DELETE https://political-divine.name video
2026-03-10T10:33:38.459Z - WARN - DELETE https://gray-freckle.net text
2026-03-10T10:33:41.462Z - INFO - POST https://giving-march.biz/ application
2026-03-10T10:33:42.463Z - WARN - PUT https://crooked-illusion.net/ audio
2026-03-10T10:33:43.464Z - INFO - PATCH https://political-plastic.biz image
2026-03-10T10:33:44.465Z - INFO - PUT https://white-rim.net image
2026-03-10T10:33:45.466Z - ERROR - DELETE https://untrue-overload.biz image
2026-03-10T10:33:46.467Z - WARN - PUT https://vivid-cheetah.org video
2026-03-10T10:33:47.468Z - WARN - POST https://afraid-innovation.info/ text
2026-03-10T10:33:48.469Z - INFO - PATCH https://profuse-dredger.net/ image
2026-03-10T10:33:49.471Z - INFO - GET https://better-deduction.org/ audio
2026-03-10T10:33:50.472Z - INFO - PUT https://vast-vision.biz application
2026-03-10T10:33:51.473Z - WARN - PUT https://giving-bookend.com application
2026-03-10T10:33:53.475Z - INFO - PATCH https://considerate-stay.biz application
2026-03-10T10:33:54.476Z - ERROR - DELETE https://well-off-bug.name/ text
2026-03-10T10:33:55.477Z - ERROR - POST https://flimsy-marketplace.info/ audio
2026-03-10T10:33:56.478Z - WARN - PUT https://memorable-reorganisation.biz/ text
2026-03-10T10:33:57.479Z - WARN - GET https://worse-section.name audio
2026-03-10T10:33:59.481Z - ERROR - DELETE https://lanky-operating.net image
2026-03-10T10:34:00.482Z - INFO - GET https://moist-carnival.name text
2026-03-10T10:34:01.484Z - INFO - PATCH https://silky-detective.com application
2026-03-10T10:34:02.485Z - INFO - PUT https://critical-foodstuffs.name text
2026-03-10T10:34:04.488Z - WARN - PUT https://unselfish-yak.org video
2026-03-10T10:34:05.489Z - INFO - POST https://lucky-forgery.info/ application
2026-03-10T10:34:06.490Z - INFO - PUT https://weighty-swine.org/ image
2026-03-10T10:34:07.491Z - INFO - POST https://showy-retrospectivity.com audio
2026-03-10T10:34:08.492Z - INFO - GET https://oblong-fledgling.net/ application
2026-03-10T10:34:09.493Z - WARN - PUT https://acidic-follower.name image
2026-03-10T10:34:11.495Z - ERROR - DELETE https://cooperative-dash.net/ text
2026-03-10T10:34:13.497Z - INFO - POST https://last-wriggler.biz application
2026-03-10T10:34:16.500Z - ERROR - DELETE https://distorted-cuckoo.biz video
2026-03-10T10:34:17.501Z - INFO - PATCH https://tedious-marathon.info text
2026-03-10T10:34:18.502Z - INFO - PUT https://flawed-almighty.org audio
2026-03-10T10:34:19.503Z - ERROR - DELETE https://superficial-singing.net application
2026-03-10T10:34:20.504Z - ERROR - DELETE https://monstrous-puppet.org application
2026-03-10T10:34:21.505Z - WARN - PUT https://fortunate-bend.info application
2026-03-10T10:34:22.506Z - INFO - POST https://greedy-hexagon.com application
2026-03-10T10:34:26.510Z - ERROR - PATCH https://agitated-mentor.info video
2026-03-10T10:34:27.511Z - INFO - GET https://unfinished-daughter.org text
2026-03-10T10:34:29.513Z - ERROR - DELETE https://innocent-mantua.info/ text
2026-03-10T10:34:32.516Z - WARN - PATCH https://worthy-department.com audio
2026-03-10T10:34:33.517Z - WARN - PATCH https://thorny-cap.biz image
2026-03-10T10:34:34.518Z - ERROR - DELETE https://eminent-plain.biz/ application
2026-03-10T10:34:35.520Z - ERROR - DELETE https://dreary-skean.com image
2026-03-10T10:34:36.521Z - INFO - POST https://white-basket.biz/ video
2026-03-10T10:34:37.523Z - ERROR - PATCH https://impractical-sediment.org application
2026-03-10T10:34:39.525Z - WARN - GET https://jagged-someplace.biz application
2026-03-10T10:34:40.526Z - WARN - PATCH https://stale-bourgeoisie.biz/ audio
2026-03-10T10:34:41.527Z - WARN - GET https://calculating-crest.com text
2026-03-10T10:34:42.528Z - INFO - DELETE https://tangible-earth.org/ text
2026-03-10T10:34:43.529Z - WARN - POST https://questionable-handover.net/ application
2026-03-10T10:34:44.531Z - ERROR - DELETE https://actual-lashes.com text
2026-03-10T10:34:45.531Z - INFO - POST https://foolish-role.name/ video
2026-03-10T10:34:47.533Z - WARN - PATCH https://punctual-scrap.net video
2026-03-10T10:34:48.534Z - WARN - POST https://front-devastation.biz text
2026-03-10T10:34:50.537Z - ERROR - PATCH https://happy-go-lucky-wallaby.net/ image
2026-03-10T10:34:51.538Z - WARN - PATCH https://thrifty-boyfriend.com/ image
2026-03-10T10:34:52.539Z - WARN - GET https://actual-tomb.com video
2026-03-10T10:34:53.540Z - INFO - POST https://talkative-bran.org image
2026-03-10T10:34:54.541Z - ERROR - GET https://courteous-cemetery.org text
2026-03-10T10:34:57.544Z - INFO - PATCH https://extra-large-deed.org/ audio
2026-03-10T10:34:58.545Z - WARN - PATCH https://interesting-sermon.net/ application
2026-03-10T10:35:00.547Z - INFO - PUT https://gorgeous-distinction.net/ application
2026-03-10T10:35:01.548Z - INFO - GET https://pitiful-remark.biz audio
2026-03-10T10:35:03.550Z - WARN - POST https://clear-switch.info text
2026-03-10T10:35:04.551Z - WARN - DELETE https://political-tabletop.net text
2026-03-10T10:35:06.554Z - ERROR - DELETE https://biodegradable-duffel.biz/ video
2026-03-10T10:35:07.555Z - WARN - POST https://splendid-papa.biz video
2026-03-10T10:35:09.558Z - ERROR - DELETE https://inferior-rawhide.biz text
2026-03-10T10:35:10.559Z - INFO - PUT https://unfortunate-thyme.info image
2026-03-10T10:35:12.561Z - ERROR - POST https://twin-onset.net application
2026-03-10T10:35:13.562Z - WARN - POST https://electric-yak.com text
2026-03-10T10:35:14.563Z - WARN - PUT https://key-replacement.info text
2026-03-10T10:35:15.564Z - INFO - PUT https://wry-vibraphone.info audio
2026-03-10T10:35:16.565Z - WARN - GET https://lively-dress.info text
2026-03-10T10:35:20.570Z - ERROR - POST https://menacing-mom.net video
2026-03-10T10:35:21.571Z - ERROR - GET https://dependable-chapel.org/ video
2026-03-10T10:35:22.571Z - WARN - PUT https://ill-fated-certification.com/ video
2026-03-10T10:35:23.573Z - INFO - DELETE https://untried-creature.com/ image
2026-03-10T10:35:24.575Z - ERROR - PATCH https://stiff-marketplace.com audio
2026-03-10T10:35:25.577Z - INFO - DELETE https://alarmed-spring.info text
2026-03-10T10:35:26.579Z - INFO - GET https://secondary-accompanist.org image
2026-03-10T10:35:27.581Z - INFO - PATCH https://perky-bathhouse.org image
2026-03-10T10:35:28.582Z - WARN - GET https://close-millet.name/ text
2026-03-10T10:35:30.584Z - ERROR - POST https://fine-experience.name text
2026-03-10T10:35:31.585Z - WARN - PUT https://hurtful-festival.com/ video
2026-03-10T10:35:32.587Z - INFO - POST https://imaginative-velocity.net image
2026-03-10T10:35:33.588Z - INFO - GET https://deep-mortise.name application
2026-03-10T10:35:34.589Z - INFO - POST https://liquid-igloo.biz/ image
2026-03-10T10:35:38.594Z - WARN - POST https://fatal-cod.com/ text
2026-03-10T10:35:39.596Z - INFO - PUT https://wilted-willow.net application
2026-03-10T10:35:40.596Z - WARN - DELETE https://liquid-couch.info text
2026-03-10T10:35:41.598Z - ERROR - PUT https://damp-dead.biz/ application
2026-03-10T10:35:42.599Z - ERROR - DELETE https://bitter-plastic.net application
2026-03-10T10:35:43.600Z - WARN - PUT https://key-bench.net/ video
2026-03-10T10:35:44.601Z - WARN - PATCH https://functional-pomelo.name/ application
2026-03-10T10:35:45.602Z - INFO - PUT https://kooky-membership.biz/ audio
2026-03-10T10:35:46.604Z - INFO - POST https://numb-following.biz application
2026-03-10T10:35:47.605Z - WARN - PATCH https://mysterious-configuration.org/ application
2026-03-10T10:35:48.606Z - WARN - PATCH https://responsible-gastropod.org/ text
2026-03-10T10:35:49.607Z - INFO - DELETE https://helpless-morning.net/ video
2026-03-10T10:35:50.608Z - WARN - POST https://simple-season.info/ video
2026-03-10T10:35:51.609Z - WARN - PATCH https://ornate-obesity.org/ video
2026-03-10T10:35:52.610Z - INFO - DELETE https://distant-scarification.com text
2026-03-10T10:35:54.612Z - WARN - DELETE https://taut-innovation.name video
2026-03-10T10:35:55.614Z - ERROR - DELETE https://witty-brief.info audio
2026-03-10T10:35:56.615Z - ERROR - DELETE https://lustrous-mouser.info/ application
2026-03-10T10:35:57.616Z - ERROR - GET https://handsome-abacus.biz/ text
2026-03-10T10:35:58.617Z - WARN - DELETE https://international-stranger.net/ text
2026-03-10T10:35:59.619Z - ERROR - PUT https://baggy-dandelion.name video
2026-03-10T10:36:00.620Z - WARN - PUT https://pure-resource.biz audio
2026-03-10T10:36:02.622Z - INFO - PATCH https://slow-order.net application
2026-03-10T10:36:03.623Z - INFO - DELETE https://pessimistic-stay.biz image
2026-03-10T10:36:04.624Z - ERROR - POST https://turbulent-information.biz/ audio
2026-03-10T10:36:05.626Z - WARN - PUT https://ecstatic-brace.com image
2026-03-10T10:36:06.628Z - INFO - DELETE https://deadly-cappelletti.com image
2026-03-10T10:36:07.628Z - INFO - POST https://ripe-hospitalization.biz audio
2026-03-10T10:36:08.629Z - WARN - PATCH https://yellowish-eternity.net/ audio
2026-03-10T10:36:11.631Z - ERROR - DELETE https://jaunty-apricot.com/ audio
2026-03-10T10:36:12.632Z - ERROR - GET https://velvety-fax.net/ application
2026-03-10T10:36:13.633Z - INFO - DELETE https://oddball-receptor.name application
2026-03-10T10:36:15.635Z - INFO - GET https://fair-pine.com/ image
2026-03-10T10:36:16.637Z - ERROR - DELETE https://difficult-knitting.name image
2026-03-10T10:36:18.640Z - ERROR - GET https://imaginative-unit.org/ image
2026-03-10T10:36:21.644Z - INFO - GET https://old-fashioned-allocation.biz audio
2026-03-10T10:36:22.645Z - ERROR - GET https://repentant-outrun.biz audio
2026-03-10T10:36:23.646Z - INFO - GET https://fond-best-seller.net/ video
2026-03-10T10:36:24.647Z - WARN - DELETE https://best-maintainer.net audio
2026-03-10T10:36:26.649Z - ERROR - DELETE https://yearly-sauerkraut.net video
2026-03-10T10:36:27.650Z - ERROR - POST https://elliptical-cricket.com/ audio
2026-03-10T10:36:29.652Z - ERROR - PUT https://pleasant-brush.com text
2026-03-10T10:36:30.653Z - WARN - POST https://gummy-lox.biz/ application
2026-03-10T10:36:31.654Z - INFO - PUT https://fair-other.name/ application
2026-03-10T10:36:32.655Z - WARN - GET https://warlike-forager.com/ image
2026-03-10T10:36:33.656Z - ERROR - PUT https://thorny-legislature.biz/ audio
2026-03-10T10:36:34.657Z - WARN - PATCH https://frank-bob.name application
2026-03-10T10:36:36.659Z - WARN - POST https://long-horde.info/ text
2026-03-10T10:36:37.661Z - WARN - PUT https://triangular-freezing.name/ audio
2026-03-10T10:36:38.662Z - INFO - GET https://definite-epic.net application
2026-03-10T10:36:39.663Z - ERROR - POST https://creamy-farm.info/ audio
2026-03-10T10:36:40.664Z - ERROR - POST https://writhing-hundred.info video
2026-03-10T10:36:41.665Z - WARN - GET https://complete-confusion.name/ image
2026-03-10T10:36:44.669Z - WARN - PATCH https://courteous-flame.info application
2026-03-10T10:36:45.670Z - ERROR - DELETE https://appropriate-swordfish.net audio
2026-03-10T10:36:46.671Z - INFO - PATCH https://bossy-postbox.net video
2026-03-10T10:36:47.672Z - ERROR - PUT https://near-meander.net/ audio
2026-03-10T10:36:48.673Z - INFO - GET https://voluminous-palate.name video
2026-03-10T10:36:51.677Z - ERROR - POST https://unlawful-captain.name/ text
2026-03-10T10:36:53.680Z - WARN - POST https://lively-rosemary.net text
2026-03-10T10:36:54.681Z - ERROR - GET https://far-off-climb.net audio
2026-03-10T10:36:55.682Z - WARN - PATCH https://odd-railway.net video
2026-03-10T10:36:56.683Z - ERROR - PATCH https://insistent-eternity.name/ image
2026-03-10T10:36:57.683Z - WARN - DELETE https://tedious-understanding.com/ audio
2026-03-10T10:36:58.685Z - ERROR - PATCH https://known-testing.com/ application
2026-03-10T10:36:59.686Z - ERROR - PATCH https://understated-doing.name application
2026-03-10T10:37:00.687Z - ERROR - PUT https://steep-bookcase.org video
2026-03-10T10:37:01.688Z - INFO - DELETE https://imaginary-cauliflower.com/ text
2026-03-10T10:37:02.689Z - INFO - PUT https://direct-bug.info/ video
2026-03-10T10:37:03.691Z - INFO - PATCH https://intelligent-remark.net/ image
2026-03-10T10:37:04.692Z - ERROR - PUT https://pretty-godfather.com image
2026-03-10T10:37:05.693Z - INFO - POST https://hospitable-finger.net/ text
2026-03-10T10:37:06.694Z - INFO - DELETE https://oddball-planula.name image
2026-03-10T10:37:08.695Z - ERROR - PUT https://austere-joy.net/ video
2026-03-10T10:37:10.697Z - ERROR - GET https://entire-dead.biz/ audio
2026-03-10T10:37:11.698Z - INFO - PATCH https://hidden-cardboard.biz/ text
2026-03-10T10:37:13.701Z - WARN - GET https://abandoned-role.info audio
2026-03-10T10:37:15.703Z - ERROR - GET https://ordinary-academics.org/ application
2026-03-10T10:37:16.704Z - INFO - DELETE https://courageous-traditionalism.info video
2026-03-10T10:37:17.705Z - WARN - PATCH https://overdue-pronoun.name text
2026-03-10T10:37:18.707Z - WARN - GET https://pessimistic-zebra.net/ text
2026-03-10T10:37:19.709Z - INFO - POST https://greedy-cricket.name image
2026-03-10T10:37:20.710Z - ERROR - GET https://illustrious-e-mail.com audio
2026-03-10T10:37:22.713Z - WARN - GET https://grave-marathon.com video
2026-03-10T10:37:23.714Z - WARN - POST https://homely-tenant.net/ application
2026-03-10T10:37:24.716Z - ERROR - PUT https://tragic-marimba.name application
2026-03-10T10:37:25.717Z - WARN - POST https://able-airmail.net/ image
2026-03-10T10:37:26.719Z - ERROR - GET https://coordinated-giant.biz/ audio
2026-03-10T10:37:28.722Z - INFO - GET https://illustrious-tomography.info/ text
2026-03-10T10:37:30.726Z - WARN - DELETE https://able-jump.net text
2026-03-10T10:37:31.727Z - WARN - PUT https://downright-gazebo.org image
2026-03-10T10:37:32.728Z - ERROR - GET https://old-fashioned-bran.info/ video
2026-03-10T10:37:33.729Z - WARN - PATCH https://pleasant-roundabout.name image
2026-03-10T10:37:35.731Z - INFO - PATCH https://fat-aircraft.biz/ image
2026-03-10T10:37:36.732Z - WARN - PUT https://suburban-habit.org/ audio
2026-03-10T10:37:37.734Z - INFO - POST https://cute-scaffold.com/ text
2026-03-10T10:37:38.735Z - ERROR - POST https://svelte-convection.info/ image
2026-03-10T10:37:40.737Z - INFO - PATCH https://qualified-quit.org audio
2026-03-10T10:37:42.739Z - WARN - GET https://poor-gloom.name video
2026-03-10T10:37:43.740Z - INFO - DELETE https://sandy-morning.org/ application
2026-03-10T10:37:45.744Z - WARN - POST https://black-tomb.biz text
2026-03-10T10:37:46.746Z - WARN - GET https://advanced-blossom.com/ image
2026-03-10T10:37:47.748Z - INFO - DELETE https://gummy-rubric.com/ image
2026-03-10T10:37:50.751Z - ERROR - POST https://elderly-polyester.name application
2026-03-10T10:37:51.752Z - ERROR - POST https://white-effector.info audio
2026-03-10T10:37:52.753Z - INFO - DELETE https://mediocre-corporation.biz image
2026-03-10T10:37:53.754Z - ERROR - DELETE https://excited-providence.biz audio
2026-03-10T10:37:55.757Z - INFO - GET https://round-jump.net text
2026-03-10T10:37:56.758Z - ERROR - GET https://left-sailor.biz audio
2026-03-10T10:37:57.760Z - ERROR - PUT https://intelligent-story.info application
2026-03-10T10:37:58.761Z - WARN - PUT https://brown-cellar.org/ text
2026-03-10T10:37:59.762Z - WARN - PATCH https://fat-range.org video
2026-03-10T10:38:00.763Z - ERROR - GET https://wealthy-airport.info/ image
2026-03-10T10:38:01.764Z - WARN - GET https://fantastic-meatloaf.biz/ image
2026-03-10T10:38:02.766Z - ERROR - GET https://decisive-brook.name/ image
2026-03-10T10:38:03.768Z - ERROR - PATCH https://gigantic-angle.name/ video
2026-03-10T10:38:04.769Z - WARN - POST https://silent-minor.org/ image
2026-03-10T10:38:05.770Z - INFO - PATCH https://exotic-vein.biz application
2026-03-10T10:38:06.771Z - INFO - PATCH https://pushy-pick.com/ video
2026-03-10T10:38:07.772Z - INFO - PUT https://snoopy-case.com image
2026-03-10T10:38:08.773Z - ERROR - PATCH https://shoddy-iridescence.biz text
2026-03-10T10:38:09.774Z - ERROR - DELETE https://utter-kit.biz image
2026-03-10T10:38:10.776Z - ERROR - POST https://incomparable-longboat.org application
2026-03-10T10:38:11.777Z - ERROR - POST https://stormy-sonar.org video
2026-03-10T10:38:13.780Z - INFO - PUT https://edible-forage.biz/ application
2026-03-10T10:38:14.781Z - WARN - POST https://deafening-alligator.com image
2026-03-10T10:38:15.782Z - ERROR - DELETE https://purple-tentacle.org application
2026-03-10T10:38:16.784Z - INFO - DELETE https://illustrious-configuration.com/ application
2026-03-10T10:38:17.786Z - ERROR - PUT https://remarkable-tuber.biz/ video
2026-03-10T10:38:18.788Z - WARN - GET https://meager-marathon.name/ text
2026-03-10T10:38:19.789Z - INFO - POST https://jubilant-chap.info video
2026-03-10T10:38:20.791Z - INFO - POST https://flustered-anticodon.biz/ image
2026-03-10T10:38:21.793Z - WARN - GET https://deserted-switch.org audio
2026-03-10T10:38:23.795Z - ERROR - GET https://dazzling-fog.biz video
2026-03-10T10:38:26.798Z - ERROR - POST https://awesome-netsuke.info image
2026-03-10T10:38:27.799Z - INFO - PATCH https://quarrelsome-knickers.biz application
2026-03-10T10:38:28.800Z - ERROR - GET https://firm-brace.biz video
2026-03-10T10:38:29.801Z - INFO - POST https://proud-digestive.info/ video
2026-03-10T10:38:30.802Z - INFO - PATCH https://definitive-charlatan.com/ text
2026-03-10T10:38:31.803Z - ERROR - GET https://tangible-premeditation.org/ image
2026-03-10T10:38:32.805Z - ERROR - PUT https://diligent-cutlet.net audio
2026-03-10T10:38:33.806Z - ERROR - GET https://tragic-hose.org video
2026-03-10T10:38:35.809Z - ERROR - GET https://spiteful-bakeware.info application
2026-03-10T10:38:36.811Z - INFO - PUT https://stable-fisherman.com/ application
2026-03-10T10:38:37.812Z - WARN - PATCH https://valuable-ocelot.org application
2026-03-10T10:38:38.813Z - INFO - POST https://partial-traditionalism.biz/ audio
2026-03-10T10:38:40.815Z - INFO - GET https://exhausted-ferret.info/ audio
2026-03-10T10:38:41.817Z - INFO - DELETE https://brisk-begonia.biz/ application
2026-03-10T10:38:42.817Z - WARN - PATCH https://wordy-best-seller.name/ image
2026-03-10T10:38:43.818Z - ERROR - PUT https://angelic-equal.com/ audio
2026-03-10T10:38:44.819Z - ERROR - DELETE https://buttery-warming.net text
2026-03-10T10:38:45.821Z - ERROR - DELETE https://blue-corral.net video
2026-03-10T10:38:46.823Z - ERROR - DELETE https://serene-tuba.com/ video
2026-03-10T10:38:47.824Z - INFO - GET https://likable-verve.biz audio
2026-03-10T10:38:48.825Z - WARN - PATCH https://formal-lashes.org/ audio
2026-03-10T10:38:49.826Z - INFO - POST https://overcooked-ethyl.name/ image
2026-03-10T10:38:50.828Z - WARN - GET https://immediate-advancement.biz/ text
2026-03-10T10:38:51.829Z - INFO - DELETE https://all-eyebrow.biz text
2026-03-10T10:38:52.830Z - ERROR - PUT https://excitable-effector.org/ application
2026-03-10T10:38:53.831Z - INFO - PUT https://strict-netsuke.biz application
2026-03-10T10:38:54.832Z - ERROR - PATCH https://majestic-sarong.com/ image
2026-03-10T10:38:55.833Z - INFO - PATCH https://flowery-stranger.name/ image
2026-03-10T10:38:56.834Z - WARN - PATCH https://male-alert.info/ audio
2026-03-10T10:38:57.835Z - WARN - GET https://handsome-countess.com/ application
2026-03-10T10:38:58.837Z - INFO - POST https://uniform-numeric.net text
2026-03-10T10:38:59.838Z - WARN - PATCH https://secret-teammate.com application
2026-03-10T10:39:01.841Z - INFO - POST https://superior-vestment.info/ audio
2026-03-10T10:39:02.843Z - ERROR - GET https://outlying-haversack.net image
2026-03-10T10:39:03.844Z - ERROR - PATCH https://greedy-unit.info audio
2026-03-10T10:39:04.845Z - ERROR - PATCH https://wee-version.biz/ video
2026-03-10T10:39:05.846Z - WARN - PATCH https://wealthy-wriggler.name/ image
2026-03-10T10:39:07.849Z - WARN - POST https://long-folklore.name/ video
2026-03-10T10:39:09.850Z - INFO - POST https://spirited-airbus.name/ image
2026-03-10T10:39:10.851Z - INFO - PATCH https://grubby-pigsty.name/ video
2026-03-10T10:39:15.856Z - ERROR - PATCH https://prestigious-recovery.name/ video
2026-03-10T10:39:16.857Z - INFO - PUT https://chilly-alb.com/ application
2026-03-10T10:39:18.859Z - ERROR - PATCH https://worldly-cope.name application
2026-03-10T10:39:19.860Z - WARN - GET https://respectful-space.info text
2026-03-10T10:39:20.861Z - WARN - POST https://yellow-popularity.biz/ application
2026-03-10T10:39:21.862Z - ERROR - GET https://different-commodity.name/ image
2026-03-10T10:39:23.864Z - INFO - PATCH https://international-agreement.org/ video
2026-03-10T10:39:24.866Z - WARN - PUT https://soupy-anticodon.name audio
2026-03-10T10:39:27.868Z - ERROR - POST https://tinted-deck.biz application
2026-03-10T10:39:28.869Z - INFO - GET https://decisive-brook.org/ video
2026-03-10T10:39:29.871Z - WARN - GET https://corrupt-wilderness.name video
2026-03-10T10:39:30.872Z - ERROR - DELETE https://junior-shoulder.name/ text
2026-03-10T10:39:32.874Z - ERROR - DELETE https://stingy-defendant.org/ text
2026-03-10T10:39:33.876Z - ERROR - PATCH https://that-euphonium.biz application
2026-03-10T10:39:34.877Z - WARN - PUT https://lighthearted-ribbon.org/ audio
2026-03-10T10:39:35.877Z - ERROR - PATCH https://substantial-developmental.net text
2026-03-10T10:39:36.879Z - INFO - PUT https://antique-produce.org application
2026-03-10T10:39:37.880Z - WARN - GET https://small-hornet.name text
2026-03-10T10:39:38.881Z - WARN - GET https://outlandish-instruction.com/ audio
2026-03-10T10:39:39.882Z - WARN - GET https://official-tabletop.net audio
2026-03-10T10:39:40.884Z - INFO - PATCH https://severe-morning.com image
2026-03-10T10:39:43.888Z - ERROR - POST https://foolhardy-honesty.org/ image
2026-03-10T10:39:44.889Z - INFO - DELETE https://joyful-lotion.net application
2026-03-10T10:39:47.892Z - ERROR - DELETE https://old-angle.com application
2026-03-10T10:39:48.893Z - ERROR - PUT https://winding-pendant.info/ text
2026-03-10T10:39:49.894Z - INFO - DELETE https://possible-goat.net image
2026-03-10T10:39:50.895Z - ERROR - PATCH https://any-sprinkles.name video
2026-03-10T10:39:51.897Z - ERROR - POST https://overcooked-toothpick.org application
2026-03-10T10:39:52.898Z - WARN - DELETE https://willing-spring.com/ video
2026-03-10T10:39:53.899Z - ERROR - PUT https://thin-pick.biz application
2026-03-10T10:39:55.901Z - ERROR - GET https://oval-morning.com/ audio
2026-03-10T10:39:56.902Z - INFO - PATCH https://dapper-independence.biz application
2026-03-10T10:39:57.903Z - INFO - PATCH https://shallow-stool.com image
2026-03-10T10:39:58.903Z - ERROR - GET https://worthless-typewriter.org audio
2026-03-10T10:39:59.905Z - WARN - PATCH https://basic-custody.info/ application
2026-03-10T10:40:00.906Z - WARN - PUT https://another-ignorance.com audio
2026-03-10T10:40:01.907Z - WARN - GET https://sandy-rule.net audio
2026-03-10T10:40:02.907Z - WARN - GET https://darling-flood.com/ text
2026-03-10T10:40:03.907Z - WARN - GET https://tedious-hammock.biz text
2026-03-10T10:40:04.909Z - WARN - DELETE https://great-confusion.info/ video
2026-03-10T10:40:05.910Z - INFO - PUT https://kaleidoscopic-nectarine.biz image
2026-03-10T10:40:06.912Z - ERROR - PUT https://helpless-technician.net image
2026-03-10T10:40:07.913Z - ERROR - PATCH https://zealous-moment.net/ application
2026-03-10T10:40:08.914Z - ERROR - GET https://fruitful-cauliflower.name/ application
2026-03-10T10:40:09.915Z - INFO - PUT https://some-daddy.com application
2026-03-10T10:40:10.916Z - INFO - PATCH https://burly-season.biz audio
2026-03-10T10:40:11.916Z - INFO - DELETE https://untidy-draw.biz video
2026-03-10T10:40:12.917Z - INFO - DELETE https://wavy-draw.net/ audio
2026-03-10T10:40:13.918Z - ERROR - DELETE https://glittering-noon.com/ application
2026-03-10T10:40:14.920Z - WARN - PATCH https://thick-tributary.name/ application
2026-03-10T10:40:15.921Z - ERROR - PUT https://worse-dependency.biz/ audio
2026-03-10T10:40:16.922Z - WARN - PATCH https://steep-pendant.name/ audio
2026-03-10T10:40:17.923Z - INFO - PATCH https://easy-pocket-watch.biz text
2026-03-10T10:40:19.926Z - ERROR - PUT https://glum-nightlife.biz audio
2026-03-10T10:40:20.927Z - INFO - PATCH https://kooky-hammock.name/ application
2026-03-10T10:40:21.928Z - INFO - PUT https://proper-molasses.info audio
2026-03-10T10:40:23.930Z - ERROR - GET https://unwritten-mixture.info/ application
2026-03-10T10:40:24.931Z - INFO - PATCH https://well-documented-version.com/ application
2026-03-10T10:40:25.933Z - WARN - DELETE https://artistic-vibration.net/ text
2026-03-10T10:40:26.934Z - ERROR - POST https://flawless-behest.org image
2026-03-10T10:40:28.936Z - ERROR - POST https://recent-grass.com/ video
2026-03-10T10:40:29.937Z - ERROR - POST https://cute-invite.org text
2026-03-10T10:40:30.939Z - WARN - DELETE https://ornate-runway.biz/ video
2026-03-10T10:40:31.942Z - ERROR - PATCH https://weekly-transparency.name image
2026-03-10T10:40:32.943Z - ERROR - PATCH https://limited-puppet.org/ text
2026-03-10T10:40:33.944Z - WARN - PATCH https://creative-smoke.net video
2026-03-10T10:40:34.945Z - INFO - PUT https://official-cake.com audio
2026-03-10T10:40:35.946Z - ERROR - POST https://buzzing-filter.com text
2026-03-10T10:40:36.948Z - WARN - PUT https://strict-grouper.name/ video
2026-03-10T10:40:37.949Z - WARN - PATCH https://smart-role.org audio
2026-03-10T10:40:40.952Z - INFO - PATCH https://pitiful-deployment.info/ text
2026-03-10T10:40:41.953Z - WARN - GET https://spiffy-disposer.net/ audio
2026-03-10T10:40:42.954Z - ERROR - PUT https://artistic-seagull.net audio
2026-03-10T10:40:43.956Z - ERROR - POST https://smoggy-diagram.name/ video
2026-03-10T10:40:44.957Z - ERROR - DELETE https://busy-procurement.name/ application
2026-03-10T10:40:45.959Z - ERROR - POST https://exhausted-alliance.net text
2026-03-10T10:40:46.959Z - ERROR - PATCH https://chubby-feather.name/ text
2026-03-10T10:40:47.960Z - ERROR - DELETE https://finished-intellect.biz video
2026-03-10T10:40:48.961Z - INFO - POST https://weekly-eternity.biz/ text
2026-03-10T10:40:49.962Z - WARN - POST https://political-yeast.info image
2026-03-10T10:40:50.963Z - ERROR - GET https://caring-safe.net/ image
2026-03-10T10:40:51.964Z - WARN - PUT https://ignorant-partridge.org/ video
2026-03-10T10:40:52.966Z - WARN - GET https://definitive-requirement.org application
2026-03-10T10:40:54.967Z - INFO - PUT https://overcooked-meal.name image
2026-03-10T10:40:55.968Z - INFO - POST https://repentant-flood.biz application
2026-03-10T10:40:57.970Z - INFO - PATCH https://complicated-chainstay.org/ application
2026-03-10T10:40:59.974Z - INFO - PUT https://rough-council.org text
2026-03-10T10:41:00.976Z - WARN - PATCH https://thrifty-partridge.info text
2026-03-10T10:41:02.978Z - INFO - POST https://spiffy-tenement.net audio
2026-03-10T10:41:06.983Z - WARN - GET https://excitable-pomelo.com/ text
2026-03-10T10:41:07.984Z - WARN - POST https://tiny-fork.com/ image
2026-03-10T10:41:09.986Z - INFO - DELETE https://lavish-grandpa.org/ image
2026-03-10T10:41:11.988Z - INFO - POST https://sniveling-pressure.info/ audio
2026-03-10T10:41:12.989Z - ERROR - DELETE https://voluminous-meal.net video
2026-03-10T10:41:13.990Z - ERROR - POST https://whimsical-entry.name audio
2026-03-10T10:41:14.991Z - INFO - DELETE https://functional-deployment.net/ video
2026-03-10T10:41:15.992Z - INFO - POST https://cruel-handle.org/ video
2026-03-10T10:41:16.993Z - INFO - GET https://frequent-travel.info audio
2026-03-10T10:41:18.996Z - ERROR - GET https://helpful-oil.biz/ video
2026-03-10T10:41:19.999Z - INFO - POST https://lost-yarmulke.name application
2026-03-10T10:41:21.000Z - ERROR - DELETE https://unfit-spork.info application
2026-03-10T10:41:22.001Z - WARN - POST https://candid-bid.info video
2026-03-10T10:41:23.003Z - WARN - PATCH https://handsome-reasoning.net audio
2026-03-10T10:41:24.003Z - WARN - GET https://lucky-conversation.info/ text
2026-03-10T10:41:25.002Z - ERROR - POST https://witty-handle.name/ text
2026-03-10T10:41:26.004Z - ERROR - GET https://admired-permafrost.biz/ application
2026-03-10T10:41:27.005Z - WARN - PATCH https://flustered-swing.biz application
2026-03-10T10:41:28.006Z - WARN - DELETE https://juicy-compromise.name/ audio
2026-03-10T10:41:30.008Z - INFO - PUT https://broken-airmail.biz text
2026-03-10T10:41:31.010Z - ERROR - POST https://cheerful-schnitzel.info/ video
2026-03-10T10:41:32.011Z - ERROR - PUT https://busy-seafood.net/ text
2026-03-10T10:41:33.012Z - ERROR - PATCH https://rusty-joy.biz video
2026-03-10T10:41:34.013Z - ERROR - POST https://curly-possession.net/ video
2026-03-10T10:41:35.015Z - ERROR - DELETE https://gentle-gown.net text
2026-03-10T10:41:36.017Z - WARN - PUT https://similar-filter.biz application
2026-03-10T10:41:38.021Z - INFO - PUT https://outgoing-overload.info image
2026-03-10T10:41:39.021Z - INFO - PUT https://thorough-draw.net video
2026-03-10T10:41:40.022Z - INFO - DELETE https://deficient-supplier.net/ video
2026-03-10T10:41:41.023Z - WARN - DELETE https://greedy-bidet.biz/ image
2026-03-10T10:41:42.024Z - INFO - DELETE https://oblong-lox.org/ audio
2026-03-10T10:41:44.026Z - INFO - DELETE https://miserable-masterpiece.biz text
2026-03-10T10:41:46.028Z - ERROR - PUT https://easy-lay.org audio
2026-03-10T10:41:47.031Z - INFO - DELETE https://quiet-restaurant.name/ application
2026-03-10T10:41:48.032Z - WARN - POST https://reckless-spirit.com/ video
2026-03-10T10:41:49.033Z - ERROR - POST https://mild-range.org video
2026-03-10T10:41:50.035Z - INFO - PATCH https://elementary-cornet.org application
2026-03-10T10:41:52.036Z - WARN - GET https://buttery-supplier.biz/ video
2026-03-10T10:41:53.037Z - WARN - DELETE https://concerned-validity.biz text
2026-03-10T10:41:55.040Z - WARN - DELETE https://valuable-vanadyl.biz image
2026-03-10T10:41:56.041Z - ERROR - DELETE https://average-kielbasa.biz image
2026-03-10T10:41:57.041Z - INFO - GET https://dramatic-godfather.net audio
2026-03-10T10:41:58.043Z - INFO - PUT https://variable-meatloaf.info video
2026-03-10T10:41:59.044Z - WARN - POST https://tight-trick.net image
2026-03-10T10:42:00.045Z - ERROR - POST https://perky-trolley.com text
2026-03-10T10:42:01.046Z - ERROR - PUT https://hospitable-adult.biz/ video
2026-03-10T10:42:02.047Z - ERROR - POST https://uncommon-pearl.net/ video
2026-03-10T10:42:06.052Z - INFO - POST https://cluttered-mantua.biz/ text
2026-03-10T10:42:07.053Z - WARN - POST https://fatherly-milestone.biz image
2026-03-10T10:42:08.054Z - WARN - POST https://harmful-forager.com audio
2026-03-10T10:42:09.056Z - WARN - PUT https://primary-planula.com/ video
2026-03-10T10:42:10.057Z - INFO - PUT https://wobbly-cake.org/ application
2026-03-10T10:42:11.058Z - ERROR - DELETE https://impeccable-sport.name application
2026-03-10T10:42:12.059Z - WARN - DELETE https://silky-lace.net/ application
2026-03-10T10:42:13.060Z - WARN - DELETE https://cavernous-colon.net image
2026-03-10T10:42:15.062Z - INFO - GET https://delicious-lava.name/ application
2026-03-10T10:42:16.063Z - INFO - POST https://other-venom.com/ text
2026-03-10T10:42:17.065Z - ERROR - PATCH https://negligible-editor.com/ audio
2026-03-10T10:42:18.066Z - INFO - DELETE https://actual-bidet.com application
2026-03-10T10:42:20.067Z - ERROR - POST https://formal-version.com/ application
2026-03-10T10:42:22.070Z - WARN - POST https://personal-adviser.com/ audio
2026-03-10T10:42:23.071Z - INFO - POST https://torn-subsidy.name video
2026-03-10T10:42:24.072Z - ERROR - PATCH https://kooky-mantua.com audio
2026-03-10T10:42:28.076Z - ERROR - PUT https://brave-taro.name video
2026-03-10T10:42:32.079Z - INFO - GET https://likable-information.biz video
2026-03-10T10:42:33.081Z - INFO - GET https://plump-barracks.net/ application
2026-03-10T10:42:34.082Z - ERROR - PATCH https://buzzing-legging.org text
2026-03-10T10:42:35.083Z - WARN - PUT https://carefree-haversack.info application
2026-03-10T10:42:36.085Z - INFO - DELETE https://unwelcome-rubric.org audio
2026-03-10T10:42:37.087Z - WARN - PUT https://front-hundred.info image
2026-03-10T10:42:38.088Z - INFO - DELETE https://scented-edge.biz/ image
2026-03-10T10:42:42.094Z - WARN - PUT https://delicious-minister.info/ audio
2026-03-10T10:42:43.095Z - INFO - PATCH https://babyish-gradient.net image
2026-03-10T10:42:46.101Z - INFO - PUT https://authorized-ribbon.com application
2026-03-10T10:42:47.102Z - ERROR - DELETE https://french-loaf.biz video
2026-03-10T10:42:49.106Z - ERROR - GET https://those-crest.info/ application
2026-03-10T10:42:51.108Z - WARN - PATCH https://alive-distinction.net/ text
2026-03-10T10:42:52.109Z - WARN - POST https://tempting-numeric.net/ video
2026-03-10T10:42:53.109Z - INFO - GET https://spirited-ignorance.net text
2026-03-10T10:42:54.111Z - WARN - POST https://bony-guacamole.net/ image
2026-03-10T10:42:58.115Z - WARN - PUT https://sure-footed-vein.com/ video
2026-03-10T10:42:59.116Z - WARN - DELETE https://strong-cook.org/ video
2026-03-10T10:43:00.117Z - ERROR - GET https://legal-amnesty.org video
2026-03-10T10:43:02.118Z - INFO - PATCH https://breakable-handover.name/ audio
2026-03-10T10:43:06.123Z - WARN - POST https://acidic-encouragement.name/ image
2026-03-10T10:43:07.124Z - WARN - PATCH https://trivial-affect.org text
2026-03-10T10:43:08.125Z - WARN - PATCH https://majestic-packaging.name audio
2026-03-10T10:43:09.126Z - ERROR - DELETE https://delirious-outlaw.com audio
2026-03-10T10:43:10.128Z - ERROR - POST https://grandiose-thunderbolt.org audio
2026-03-10T10:43:11.129Z - WARN - PUT https://good-ownership.name/ video
2026-03-10T10:43:12.130Z - WARN - PUT https://unhappy-freight.org text
2026-03-10T10:43:14.132Z - ERROR - POST https://formal-swath.name audio
2026-03-10T10:43:15.133Z - WARN - PUT https://optimal-expense.org audio
2026-03-10T10:43:16.134Z - WARN - GET https://pointless-yak.net/ audio
2026-03-10T10:43:17.135Z - INFO - PUT https://rundown-grandpa.biz application
2026-03-10T10:43:18.136Z - ERROR - GET https://buttery-allegation.name video
2026-03-10T10:43:19.137Z - ERROR - POST https://excellent-traffic.info/ video
2026-03-10T10:43:20.138Z - ERROR - GET https://grimy-unique.info/ audio
2026-03-10T10:43:21.139Z - WARN - GET https://profuse-pigsty.biz application
2026-03-10T10:43:22.140Z - WARN - POST https://messy-conversation.info/ audio
2026-03-10T10:43:24.143Z - INFO - DELETE https://fortunate-lace.org application
2026-03-10T10:43:27.147Z - WARN - PUT https://suburban-plugin.net image
2026-03-10T10:43:29.149Z - INFO - DELETE https://wretched-strategy.info/ application
2026-03-10T10:43:30.151Z - WARN - POST https://unlucky-mathematics.biz video
2026-03-10T10:43:31.153Z - WARN - PATCH https://drab-plugin.name audio
2026-03-10T10:43:33.155Z - INFO - GET https://all-whack.name/ video
2026-03-10T10:43:34.157Z - ERROR - PATCH https://grubby-dusk.name/ text
2026-03-10T10:43:36.160Z - ERROR - POST https://unsteady-cope.info/ image
2026-03-10T10:43:37.162Z - INFO - PATCH https://complicated-puritan.biz image
2026-03-10T10:43:38.163Z - INFO - GET https://unfinished-tapioca.biz/ video
2026-03-10T10:43:39.164Z - ERROR - PUT https://metallic-bump.com application
2026-03-10T10:43:40.165Z - ERROR - PATCH https://creamy-catalyst.info/ video
2026-03-10T10:43:41.166Z - ERROR - PUT https://spanish-overheard.name/ text
2026-03-10T10:43:42.167Z - INFO - GET https://criminal-willow.biz image
2026-03-10T10:43:43.169Z - ERROR - PATCH https://dental-cd.info/ text
2026-03-10T10:43:44.170Z - ERROR - PUT https://colossal-molasses.biz/ video
2026-03-10T10:43:45.171Z - WARN - DELETE https://enchanting-horde.info/ audio
2026-03-10T10:43:46.172Z - WARN - PUT https://jam-packed-waist.name/ video
2026-03-10T10:43:47.173Z - ERROR - GET https://untidy-wear.biz/ audio
2026-03-10T10:43:49.176Z - ERROR - PUT https://soft-mixture.biz/ image
2026-03-10T10:43:50.176Z - ERROR - POST https://severe-aftermath.org/ video
2026-03-10T10:43:51.178Z - ERROR - PUT https://youthful-mentor.name/ text
2026-03-10T10:43:52.179Z - ERROR - GET https://upset-redesign.net audio
2026-03-10T10:43:56.184Z - WARN - PATCH https://coordinated-gown.name image
2026-03-10T10:43:57.185Z - ERROR - POST https://mature-taro.com image
2026-03-10T10:43:58.186Z - WARN - DELETE https://well-lit-catalyst.com/ audio
2026-03-10T10:43:59.187Z - WARN - POST https://soggy-gymnast.name image
2026-03-10T10:44:00.189Z - INFO - PUT https://alarmed-pants.biz application
2026-03-10T10:44:01.190Z - ERROR - PATCH https://unrealistic-mom.net text
2026-03-10T10:44:02.191Z - WARN - PATCH https://passionate-sailor.org application
2026-03-10T10:44:03.192Z - ERROR - PUT https://hospitable-arcade.org image
2026-03-10T10:44:04.193Z - WARN - PATCH https://deadly-drive.com image
2026-03-10T10:44:05.194Z - INFO - GET https://silver-sand.com video
2026-03-10T10:44:08.198Z - INFO - PATCH https://feline-cd.net text
2026-03-10T10:44:09.199Z - ERROR - PATCH https://advanced-prohibition.org audio
2026-03-10T10:44:10.200Z - ERROR - PUT https://sturdy-hornet.org audio
2026-03-10T10:44:12.202Z - WARN - GET https://calculating-nerve.com/ video
2026-03-10T10:44:13.203Z - INFO - PATCH https://narrow-space.com audio
2026-03-10T10:44:14.204Z - WARN - POST https://slow-palate.name image
2026-03-10T10:44:15.205Z - INFO - POST https://tidy-colonialism.com application
2026-03-10T10:44:16.206Z - WARN - POST https://negative-blossom.com image
2026-03-10T10:44:17.206Z - WARN - POST https://made-up-drug.net audio
2026-03-10T10:44:19.209Z - WARN - DELETE https://accomplished-release.com/ text
2026-03-10T10:44:20.210Z - WARN - POST https://juvenile-tinderbox.org video
2026-03-10T10:44:21.210Z - WARN - DELETE https://thrifty-flood.name video
2026-03-10T10:44:22.212Z - WARN - PUT https://meager-opera.name/ text
2026-03-10T10:44:23.213Z - INFO - GET https://creamy-invite.org application
2026-03-10T10:44:25.216Z - ERROR - POST https://acidic-coast.biz image
2026-03-10T10:44:26.217Z - WARN - POST https://lumbering-assist.info/ image
2026-03-10T10:44:29.222Z - ERROR - PUT https://wilted-whale.net/ application
2026-03-10T10:44:30.224Z - ERROR - PUT https://courteous-optimal.info/ video
2026-03-10T10:44:32.227Z - ERROR - GET https://closed-subexpression.net/ image
2026-03-10T10:44:33.228Z - INFO - POST https://rundown-embarrassment.info/ image
2026-03-10T10:44:34.230Z - ERROR - GET https://aggravating-exploration.net image
2026-03-10T10:44:35.231Z - WARN - GET https://smart-king.biz/ image
2026-03-10T10:44:36.232Z - ERROR - DELETE https://shimmering-colonialism.info/ video
2026-03-10T10:44:39.235Z - ERROR - PATCH https://trim-plastic.info image
2026-03-10T10:44:40.236Z - WARN - PUT https://proud-feather.biz/ text
2026-03-10T10:44:41.237Z - WARN - POST https://direct-translation.name video
2026-03-10T10:44:42.237Z - ERROR - GET https://sour-finer.info audio
2026-03-10T10:44:43.239Z - INFO - PUT https://partial-breastplate.biz text
2026-03-10T10:44:44.240Z - INFO - PUT https://quarterly-tune-up.biz/ image
2026-03-10T10:44:46.242Z - ERROR - DELETE https://descriptive-jellyfish.org video
2026-03-10T10:44:48.244Z - ERROR - PATCH https://fat-secret.info/ image
2026-03-10T10:44:50.247Z - WARN - GET https://icy-coil.org text
2026-03-10T10:44:51.248Z - WARN - POST https://spirited-stall.biz/ image
2026-03-10T10:44:52.250Z - WARN - PUT https://jubilant-doubter.info/ video
2026-03-10T10:44:53.251Z - WARN - POST https://hasty-hunt.com audio
2026-03-10T10:44:54.252Z - INFO - DELETE https://concrete-diagram.org/ audio
2026-03-10T10:44:55.253Z - WARN - PATCH https://husky-exterior.com audio
2026-03-10T10:44:56.254Z - ERROR - PATCH https://gigantic-sauerkraut.com image
2026-03-10T10:44:57.255Z - ERROR - DELETE https://suburban-papa.name audio
2026-03-10T10:44:58.256Z - ERROR - POST https://warlike-litter.com/ image
2026-03-10T10:45:00.258Z - ERROR - DELETE https://appropriate-slide.org video
2026-03-10T10:45:01.260Z - WARN - GET https://aged-simple.com text
2026-03-10T10:45:02.262Z - ERROR - PATCH https://gray-formation.org/ text
2026-03-10T10:45:03.263Z - ERROR - PUT https://damp-tinderbox.org audio
2026-03-10T10:45:04.264Z - INFO - DELETE https://fixed-experience.org audio
2026-03-10T10:45:05.265Z - WARN - DELETE https://apt-junior.info audio
2026-03-10T10:45:06.267Z - WARN - POST https://stale-gloom.info audio
2026-03-10T10:45:07.269Z - WARN - PUT https://medium-loyalty.info audio
2026-03-10T10:45:08.271Z - INFO - GET https://handsome-providence.name application
2026-03-10T10:45:11.276Z - INFO - PATCH https://misguided-nightlife.net/ video
2026-03-10T10:45:13.279Z - ERROR - POST https://rectangular-seagull.name/ image
2026-03-10T10:45:14.280Z - ERROR - POST https://busy-porter.biz image
2026-03-10T10:45:15.282Z - ERROR - PATCH https://proud-knuckle.com video
2026-03-10T10:45:16.284Z - WARN - GET https://authentic-event.com video
2026-03-10T10:45:17.286Z - WARN - PUT https://empty-pear.com application
2026-03-10T10:45:18.287Z - WARN - POST https://pleasant-guard.name/ application
2026-03-10T10:45:19.290Z - ERROR - PUT https://trusting-plain.name/ application
2026-03-10T10:45:22.295Z - ERROR - GET https://informal-secret.net image
2026-03-10T10:45:23.296Z - ERROR - PATCH https://subtle-mom.net application
2026-03-10T10:45:26.299Z - INFO - DELETE https://circular-brace.biz/ audio
2026-03-10T10:45:27.300Z - ERROR - PUT https://zany-swordfish.info/ video
2026-03-10T10:45:28.302Z - INFO - GET https://livid-pulse.net audio
2026-03-10T10:45:29.304Z - ERROR - PUT https://lumbering-muscat.biz audio
2026-03-10T10:45:30.306Z - WARN - GET https://wry-mainstream.biz/ application
2026-03-10T10:45:31.308Z - ERROR - PUT https://muffled-seal.net image
2026-03-10T10:45:32.309Z - WARN - PATCH https://excitable-coordination.name/ image
2026-03-10T10:45:33.310Z - WARN - DELETE https://whopping-slide.net/ application
2026-03-10T10:45:35.312Z - INFO - POST https://ripe-chap.com image
2026-03-10T10:45:36.314Z - WARN - POST https://juicy-presume.name/ video
2026-03-10T10:45:37.315Z - INFO - PATCH https://shoddy-stool.info audio
2026-03-10T10:45:38.316Z - WARN - PATCH https://prickly-eggplant.com application
2026-03-10T10:45:39.317Z - INFO - PATCH https://ornate-newsprint.biz audio
2026-03-10T10:45:40.319Z - WARN - PUT https://busy-packaging.net audio
2026-03-10T10:45:41.321Z - WARN - PUT https://unpleasant-brief.biz/ application
2026-03-10T10:45:42.323Z - WARN - DELETE https://victorious-kick.name/ application
2026-03-10T10:45:43.325Z - ERROR - DELETE https://shallow-jacket.net/ text
2026-03-10T10:45:44.327Z - WARN - DELETE https://well-worn-gradient.name/ video
2026-03-10T10:45:45.329Z - INFO - DELETE https://sticky-peninsula.com audio
2026-03-10T10:45:46.330Z - INFO - DELETE https://tragic-litter.org audio
2026-03-10T10:45:48.332Z - INFO - PUT https://white-reconsideration.org audio
2026-03-10T10:45:49.333Z - WARN - DELETE https://giving-monocle.com/ video
2026-03-10T10:45:50.334Z - WARN - POST https://concrete-couch.biz/ image
2026-03-10T10:45:51.335Z - WARN - DELETE https://private-hello.net application
2026-03-10T10:45:52.336Z - WARN - POST https://average-injunction.net/ image
2026-03-10T10:45:53.337Z - INFO - POST https://rotating-academics.name/ application
2026-03-10T10:45:54.338Z - WARN - GET https://untried-strategy.info/ audio
2026-03-10T10:45:56.340Z - INFO - DELETE https://sentimental-giant.biz text
2026-03-10T10:45:58.341Z - WARN - POST https://pleasant-tomography.biz/ text
2026-03-10T10:45:59.342Z - ERROR - GET https://unimportant-pants.com/ video
2026-03-10T10:46:00.344Z - WARN - DELETE https://infamous-replacement.biz application
2026-03-10T10:46:01.346Z - WARN - GET https://animated-doubter.net image
2026-03-10T10:46:02.348Z - WARN - POST https://mixed-elver.biz audio
2026-03-10T10:46:03.349Z - ERROR - GET https://uniform-advancement.com/ image
2026-03-10T10:46:04.351Z - INFO - POST https://elastic-masterpiece.com audio
2026-03-10T10:46:05.353Z - ERROR - PUT https://pessimistic-adult.name audio
2026-03-10T10:46:06.354Z - WARN - GET https://limited-guacamole.info/ application
2026-03-10T10:46:07.355Z - INFO - POST https://flawless-chairperson.info/ image
2026-03-10T10:46:08.357Z - INFO - POST https://unsightly-scale.biz/ application
2026-03-10T10:46:09.359Z - WARN - DELETE https://private-technician.biz text
2026-03-10T10:46:10.361Z - INFO - PATCH https://functional-representation.com/ image
2026-03-10T10:46:11.363Z - ERROR - POST https://sad-prohibition.biz audio
2026-03-10T10:46:12.364Z - ERROR - GET https://tempting-reporter.biz audio
2026-03-10T10:46:13.366Z - INFO - PATCH https://gray-saloon.info image
2026-03-10T10:46:14.368Z - WARN - POST https://well-off-tail.biz/ audio
2026-03-10T10:46:16.372Z - WARN - GET https://aware-mortise.com audio
2026-03-10T10:46:18.375Z - INFO - PATCH https://any-backburn.name video
2026-03-10T10:46:19.376Z - WARN - DELETE https://dirty-polyester.info/ application
2026-03-10T10:46:20.378Z - WARN - GET https://kaleidoscopic-farm.info/ audio
2026-03-10T10:46:21.380Z - WARN - PUT https://burly-perfection.info audio
2026-03-10T10:46:22.382Z - WARN - GET https://scratchy-fold.net/ application
2026-03-10T10:46:24.385Z - INFO - POST https://slow-wear.biz image
2026-03-10T10:46:25.386Z - INFO - PATCH https://smug-stay.name/ application
2026-03-10T10:46:27.388Z - WARN - POST https://acidic-cardboard.name text
2026-03-10T10:46:29.391Z - WARN - PATCH https://shy-toaster.name/ text
2026-03-10T10:46:30.393Z - ERROR - DELETE https://husky-requirement.com/ image
2026-03-10T10:46:31.394Z - WARN - GET https://meager-gradient.org/ audio
2026-03-10T10:46:33.397Z - ERROR - DELETE https://unfinished-alligator.org application
2026-03-10T10:46:34.398Z - ERROR - GET https://speedy-dash.info image
2026-03-10T10:46:35.400Z - INFO - PUT https://outgoing-piglet.name/ video
2026-03-10T10:46:36.402Z - WARN - PATCH https://impossible-spirit.net/ image
2026-03-10T10:46:37.404Z - INFO - GET https://talkative-marten.biz/ audio
2026-03-10T10:46:39.406Z - INFO - PUT https://acidic-swim.info image
2026-03-10T10:46:40.407Z - ERROR - PUT https://filthy-chow.org/ text
2026-03-10T10:46:41.408Z - INFO - PATCH https://rapid-intellect.net image
2026-03-10T10:46:43.411Z - INFO - POST https://colorful-issue.net/ image
2026-03-10T10:46:44.412Z - INFO - POST https://reasonable-exasperation.com/ audio
2026-03-10T10:46:45.413Z - INFO - GET https://kosher-fishery.info/ video
2026-03-10T10:46:47.416Z - ERROR - PATCH https://serpentine-membership.org video
2026-03-10T10:46:49.419Z - ERROR - POST https://jam-packed-pick.name/ audio
2026-03-10T10:46:50.420Z - ERROR - PATCH https://those-swath.info/ video
2026-03-10T10:46:52.423Z - ERROR - DELETE https://grizzled-graffiti.org application
2026-03-10T10:46:54.426Z - WARN - PATCH https://perky-restaurant.info/ audio
2026-03-10T10:46:56.430Z - WARN - PUT https://warlike-reach.com audio
2026-03-10T10:46:57.432Z - ERROR - GET https://defenseless-wheel.name/ application
2026-03-10T10:46:58.434Z - WARN - POST https://moist-elver.info image
2026-03-10T10:46:59.436Z - ERROR - DELETE https://youthful-creature.name/ text
2026-03-10T10:47:00.438Z - INFO - PATCH https://acceptable-luck.info/ image
2026-03-10T10:47:01.440Z - INFO - DELETE https://profuse-acquaintance.net/ audio
2026-03-10T10:47:02.441Z - INFO - PUT https://brown-wallaby.info/ video
2026-03-10T10:47:05.444Z - ERROR - GET https://lawful-postbox.com/ image
2026-03-10T10:47:06.446Z - WARN - PATCH https://improbable-thyme.com application
2026-03-10T10:47:08.448Z - WARN - DELETE https://self-reliant-guacamole.com/ image
2026-03-10T10:47:09.449Z - ERROR - POST https://variable-amendment.biz/ audio
2026-03-10T10:47:10.451Z - ERROR - DELETE https://frail-address.info application
2026-03-10T10:47:11.453Z - INFO - GET https://zany-baseboard.org image
2026-03-10T10:47:12.455Z - ERROR - DELETE https://first-freezing.org/ video
2026-03-10T10:47:13.457Z - ERROR - DELETE https://medium-bungalow.biz text
2026-03-10T10:47:14.459Z - ERROR - GET https://practical-rubric.info audio
2026-03-10T10:47:15.460Z - WARN - POST https://ignorant-wombat.com audio
2026-03-10T10:47:16.462Z - WARN - POST https://tame-fog.net audio
2026-03-10T10:47:17.463Z - ERROR - PATCH https://delirious-step-mother.name/ video
2026-03-10T10:47:18.464Z - WARN - PATCH https://quick-ribbon.name/ application
2026-03-10T10:47:19.466Z - INFO - PATCH https://fond-numeracy.name application
2026-03-10T10:47:20.467Z - ERROR - POST https://compassionate-fishery.org video
2026-03-10T10:47:21.468Z - WARN - DELETE https://deadly-jungle.net audio
2026-03-10T10:47:22.470Z - ERROR - POST https://swift-lady.info/ image
2026-03-10T10:47:23.471Z - ERROR - DELETE https://gruesome-mechanic.name image
2026-03-10T10:47:24.472Z - ERROR - PUT https://narrow-hunt.biz audio
2026-03-10T10:47:25.473Z - ERROR - PUT https://old-gripper.net text
2026-03-10T10:47:26.475Z - INFO - GET https://known-corporation.com video
2026-03-10T10:47:27.476Z - INFO - DELETE https://grown-chairperson.biz/ video
2026-03-10T10:47:29.479Z - ERROR - PUT https://wicked-cheese.name/ video
2026-03-10T10:47:30.481Z - INFO - POST https://unsung-kiss.info text
2026-03-10T10:47:31.483Z - WARN - DELETE https://simplistic-bog.net text
2026-03-10T10:47:33.485Z - INFO - GET https://multicolored-habit.org/ text
2026-03-10T10:47:34.486Z - WARN - PUT https://bruised-baritone.org/ text
2026-03-10T10:47:35.487Z - ERROR - PUT https://quarterly-dulcimer.name/ application
2026-03-10T10:47:36.488Z - ERROR - PATCH https://far-object.org video
2026-03-10T10:47:37.490Z - WARN - GET https://flawed-designation.com image
2026-03-10T10:47:38.492Z - ERROR - POST https://upset-disclosure.name application
2026-03-10T10:47:39.493Z - INFO - DELETE https://firm-schnitzel.org/ audio
2026-03-10T10:47:40.495Z - INFO - PUT https://timely-scale.name/ image
2026-03-10T10:47:42.497Z - INFO - DELETE https://uncomfortable-valuable.info audio
2026-03-10T10:47:43.498Z - ERROR - POST https://pushy-printer.com application
2026-03-10T10:47:44.499Z - WARN - PUT https://second-hand-dish.info/ text
2026-03-10T10:47:46.501Z - ERROR - PUT https://idealistic-tectonics.biz/ image
2026-03-10T10:47:47.503Z - ERROR - PATCH https://outstanding-ownership.com/ audio
2026-03-10T10:47:50.507Z - WARN - PATCH https://mixed-label.name/ image
2026-03-10T10:47:53.512Z - WARN - DELETE https://married-circumference.org audio
2026-03-10T10:47:54.514Z - INFO - PUT https://willing-babushka.net text
2026-03-10T10:47:55.516Z - INFO - DELETE https://probable-circumference.net/ image
2026-03-10T10:47:56.518Z - ERROR - PUT https://firsthand-suspension.net audio
2026-03-10T10:47:57.520Z - WARN - POST https://burly-disappointment.name video
2026-03-10T10:47:59.523Z - ERROR - POST https://perky-jogging.info application
2026-03-10T10:48:00.524Z - WARN - PUT https://realistic-avalanche.biz text
2026-03-10T10:48:01.525Z - INFO - GET https://insignificant-deck.biz text
2026-03-10T10:48:04.529Z - INFO - PATCH https://authentic-parsnip.info image
2026-03-10T10:48:06.532Z - WARN - PATCH https://harmful-elevation.info/ audio
2026-03-10T10:48:07.534Z - INFO - GET https://general-cow.net text
2026-03-10T10:48:08.534Z - INFO - PUT https://spirited-mixture.name audio
2026-03-10T10:48:09.536Z - INFO - PATCH https://lined-possession.net application
